
Chromatic CLI v7.6.0
https://www.chromatic.com/docs/cli

Authenticating with Chromatic
    → Connecting to https://index.chromatic.com
Authenticated with Chromatic
    → Using project token '****************9852'
Retrieving git information
× Found only one commit
This typically means you have ran into one of the following scenarios:
- You've checked out a shallow copy of the Git repository, which some CI systems do by default.
  In order for Chromatic to correctly determine baseline commits, we need access to the full Git history graph.
  Refer to your CI provider's documentation for details.
- You've only made a single commit so far.  
  Please make at least one additional commit in order for Chromatic to be able to detect what's changed.
Failed to retrieve slug {"shortMessage":"Command failed with exit code 1: git config --get remote.origin.url","command":"git config --get remote.origin.url","escapedCommand":"git config --get remote.origin.url","exitCode":1,"stdout":"","stderr":"","cwd":"C:\\Users\\user\\Desktop\\my-design-system","all":"","failed":true,"timedOut":false,"isCanceled":false,"killed":false}
Retrieved git information
    → Commit 'fd4b601' on branch 'master'; found 1 parent build
Collecting Storybook metadata
Collected Storybook metadata
    → Storybook 7.5.2 for React; using the @storybook/react-webpack5 builder (7.5.2); supported addons found: Links, Essentials, Interactions
Initializing build
Initialized build
    → Build 3 initialized
Building your Storybook
    → Running command: npm run build-storybook -- --output-dir C:\Users\user\AppData\Local\Temp\chromatic--19508-3B0FqA9DqBqi
Storybook built in 41 seconds
    → View build log at C:\Users\user\Desktop\my-design-system\build-storybook.log
Publish your built Storybook
    → Validating Storybook files
Publishing your built Storybook
    → Retrieving target location
    → Starting publish
    → [                    ] 1%
    → [=                   ] 7%
    → [==                  ] 11%
    → [==                  ] 12%
    → [===                 ] 13%
    → [===                 ] 14%
    → [===                 ] 16%
    → [===                 ] 17%
    → [====                ] 18%
    → [====                ] 20%
    → [====                ] 21%
    → [====                ] 22%
    → [=====               ] 23%
    → [=====               ] 25%
    → [=====               ] 26%
    → [=====               ] 27%
    → [======              ] 28%
    → [======              ] 29%
    → [======              ] 30%
    → [=====               ] 27%
    → [======              ] 28%
    → [======              ] 29%
    → [======              ] 30%
    → [======              ] 31%
    → [======              ] 28%
    → [======              ] 29%
    → [======              ] 31%
    → [======              ] 32%
    → [=======             ] 33%
    → [=======             ] 34%
    → [=======             ] 35%
    → [=======             ] 34%
    → [=======             ] 35%
    → [=======             ] 36%
    → [=======             ] 37%
    → [========            ] 38%
    → [========            ] 39%
    → [========            ] 40%
    → [========            ] 42%
    → [=========           ] 43%
    → [=========           ] 44%
    → [=========           ] 45%
    → [=========           ] 46%
    → [=========           ] 47%
    → [==========          ] 48%
    → [==========          ] 51%
    → [==========          ] 52%
    → [===========         ] 53%
    → [===========         ] 54%
    → [===========         ] 56%
    → [============        ] 58%
    → [============        ] 59%
    → [============        ] 60%
    → [============        ] 61%
    → [============        ] 62%
    → [=============       ] 63%
    → [=============       ] 65%
    → [=============       ] 66%
    → [==============      ] 68%
    → [==============      ] 69%
    → [==============      ] 70%
    → [==============      ] 71%
    → [==============      ] 72%
    → [===============     ] 74%
    → [===============     ] 76%
    → [===============     ] 77%
    → [================    ] 78%
    → [================    ] 79%
    → [================    ] 81%
    → [================    ] 82%
    → [=================   ] 83%
    → [=================   ] 84%
    → [=================   ] 85%
    → [=================   ] 86%
    → [=================   ] 87%
    → [==================  ] 88%
    → [==================  ] 89%
    → [==================  ] 90%
    → [==================  ] 91%
    → [==================  ] 92%
    → [=================== ] 93%
    → [=================== ] 94%
    → [=================== ] 95%
    → [=================== ] 96%
    → [=================== ] 97%
    → [====================] 98%
    → [====================] 99%
    → [====================] 100%
Publish complete in 3 minutes 33 seconds
    → View your Storybook at https://65437c87daf87f1bb01d535d-ltrruvtvec.chromatic.com
Verifying your Storybook
    → This may take a few minutes
Started build 3
    → View build details at https://www.chromatic.com/build?appId=65437c87daf87f1bb01d535d&number=3
Running 17 tests
    → This may take a few minutes
    → [=                   ] 1/17  Button › Primary 
    → [======              ] 5/17  Button › Medium 
    → [===========         ] 9/17  Button › Green 
    → [==============      ] 12/17  Button › Large 
    → [==================  ] 15/17  Header › Logged Out 
√ Build 3 passed!
No visual changes were found in this build.
i View build details at https://www.chromatic.com/build?appId=65437c87daf87f1bb01d535d&number=3
